{"C:\\Users\\Christopher\\Desktop\\website\\Worldofwarshipssite\\src\\HelperFiles\\getStory.js": {"path":"C:\\Users\\Christopher\\Desktop\\website\\Worldofwarshipssite\\src\\HelperFiles\\getStory.js","statementMap":{"0":{"start":{"line":4,"column":16},"end":{"line":4,"column":40}},"1":{"start":{"line":7,"column":20},"end":{"line":9,"column":61}},"2":{"start":{"line":8,"column":43},"end":{"line":8,"column":54}},"3":{"start":{"line":9,"column":44},"end":{"line":9,"column":60}},"4":{"start":{"line":10,"column":4},"end":{"line":10,"column":18}}},"fnMap":{"0":{"name":"getStory","decl":{"start":{"line":5,"column":22},"end":{"line":5,"column":30}},"loc":{"start":{"line":5,"column":32},"end":{"line":11,"column":1}},"line":5},"1":{"name":"(anonymous_1)","decl":{"start":{"line":8,"column":38},"end":{"line":8,"column":39}},"loc":{"start":{"line":8,"column":43},"end":{"line":8,"column":54}},"line":8},"2":{"name":"(anonymous_2)","decl":{"start":{"line":9,"column":39},"end":{"line":9,"column":40}},"loc":{"start":{"line":9,"column":44},"end":{"line":9,"column":60}},"line":9}},"branchMap":{},"s":{"0":1,"1":1,"2":1,"3":0,"4":1},"f":{"0":1,"1":1,"2":0},"b":{},"_coverageSchema":"1a1c01bbd47fc00a2c39e90264f33305004495a9","hash":"c6a8f4bb81940b1e9dfad21fdc457b3acf4f535a"}
,"C:\\Users\\Christopher\\Desktop\\website\\Worldofwarshipssite\\src\\reducers\\storyReducer.js": {"path":"C:\\Users\\Christopher\\Desktop\\website\\Worldofwarshipssite\\src\\reducers\\storyReducer.js","statementMap":{"0":{"start":{"line":2,"column":21},"end":{"line":4,"column":1}},"1":{"start":{"line":6,"column":21},"end":{"line":17,"column":1}},"2":{"start":{"line":7,"column":4},"end":{"line":16,"column":5}},"3":{"start":{"line":9,"column":12},"end":{"line":9,"column":31}},"4":{"start":{"line":10,"column":12},"end":{"line":10,"column":45}},"5":{"start":{"line":13,"column":12},"end":{"line":13,"column":24}},"6":{"start":{"line":19,"column":24},"end":{"line":26,"column":1}},"7":{"start":{"line":20,"column":4},"end":{"line":25,"column":5}}},"fnMap":{"0":{"name":"(anonymous_0)","decl":{"start":{"line":6,"column":21},"end":{"line":6,"column":22}},"loc":{"start":{"line":6,"column":50},"end":{"line":17,"column":1}},"line":6},"1":{"name":"(anonymous_1)","decl":{"start":{"line":19,"column":24},"end":{"line":19,"column":25}},"loc":{"start":{"line":19,"column":35},"end":{"line":26,"column":1}},"line":19}},"branchMap":{"0":{"loc":{"start":{"line":6,"column":22},"end":{"line":6,"column":40}},"type":"default-arg","locations":[{"start":{"line":6,"column":28},"end":{"line":6,"column":40}}],"line":6},"1":{"loc":{"start":{"line":7,"column":4},"end":{"line":16,"column":5}},"type":"switch","locations":[{"start":{"line":8,"column":8},"end":{"line":11,"column":9}},{"start":{"line":12,"column":8},"end":{"line":14,"column":9}}],"line":7}},"s":{"0":1,"1":1,"2":1,"3":1,"4":1,"5":0,"6":1,"7":0},"f":{"0":1,"1":0},"b":{"0":[0],"1":[1,0]},"_coverageSchema":"1a1c01bbd47fc00a2c39e90264f33305004495a9","hash":"216ddcd22698c9e740d194f88ee477d74437975c"}
,"C:\\Users\\Christopher\\Desktop\\website\\Worldofwarshipssite\\src\\services\\submission.js": {"path":"C:\\Users\\Christopher\\Desktop\\website\\Worldofwarshipssite\\src\\services\\submission.js","statementMap":{"0":{"start":{"line":4,"column":19},"end":{"line":4,"column":115}},"1":{"start":{"line":8,"column":28},"end":{"line":19,"column":1}},"2":{"start":{"line":9,"column":4},"end":{"line":9,"column":22}},"3":{"start":{"line":10,"column":4},"end":{"line":18,"column":5}},"4":{"start":{"line":11,"column":26},"end":{"line":11,"column":118}},"5":{"start":{"line":12,"column":25},"end":{"line":12,"column":66}},"6":{"start":{"line":13,"column":8},"end":{"line":13,"column":29}},"7":{"start":{"line":14,"column":8},"end":{"line":14,"column":23}},"8":{"start":{"line":16,"column":8},"end":{"line":16,"column":29}},"9":{"start":{"line":17,"column":8},"end":{"line":17,"column":18}},"10":{"start":{"line":21,"column":27},"end":{"line":29,"column":1}},"11":{"start":{"line":22,"column":4},"end":{"line":28,"column":5}},"12":{"start":{"line":23,"column":26},"end":{"line":23,"column":71}},"13":{"start":{"line":24,"column":8},"end":{"line":24,"column":25}},"14":{"start":{"line":26,"column":8},"end":{"line":26,"column":29}},"15":{"start":{"line":27,"column":8},"end":{"line":27,"column":18}}},"fnMap":{"0":{"name":"(anonymous_0)","decl":{"start":{"line":8,"column":28},"end":{"line":8,"column":29}},"loc":{"start":{"line":8,"column":43},"end":{"line":19,"column":1}},"line":8},"1":{"name":"(anonymous_1)","decl":{"start":{"line":21,"column":27},"end":{"line":21,"column":28}},"loc":{"start":{"line":21,"column":45},"end":{"line":29,"column":1}},"line":21}},"branchMap":{},"s":{"0":1,"1":1,"2":1,"3":1,"4":1,"5":1,"6":1,"7":1,"8":0,"9":0,"10":1,"11":1,"12":1,"13":1,"14":0,"15":0},"f":{"0":1,"1":1},"b":{},"_coverageSchema":"1a1c01bbd47fc00a2c39e90264f33305004495a9","hash":"92a7e11bed3dd71aa1b7e16f1a1838362a28ed0b"}
}
