TN:
SF:src\HelperFiles\getStory.js
FN:5,getStory
FN:8,(anonymous_1)
FN:9,(anonymous_2)
FNF:3
FNH:2
FNDA:1,getStory
FNDA:1,(anonymous_1)
FNDA:0,(anonymous_2)
DA:4,1
DA:7,1
DA:8,1
DA:9,0
DA:10,1
LF:5
LH:4
BRF:0
BRH:0
end_of_record
TN:
SF:src\reducers\storyReducer.js
FN:6,(anonymous_0)
FN:19,(anonymous_1)
FNF:2
FNH:1
FNDA:1,(anonymous_0)
FNDA:0,(anonymous_1)
DA:2,1
DA:6,1
DA:7,1
DA:9,1
DA:10,1
DA:13,0
DA:19,1
DA:20,0
LF:8
LH:6
BRDA:6,0,0,0
BRDA:7,1,0,1
BRDA:7,1,1,0
BRF:3
BRH:1
end_of_record
TN:
SF:src\services\submission.js
FN:8,(anonymous_0)
FN:21,(anonymous_1)
FNF:2
FNH:2
FNDA:1,(anonymous_0)
FNDA:1,(anonymous_1)
DA:4,1
DA:8,1
DA:9,1
DA:10,1
DA:11,1
DA:12,1
DA:13,1
DA:14,1
DA:16,0
DA:17,0
DA:21,1
DA:22,1
DA:23,1
DA:24,1
DA:26,0
DA:27,0
LF:16
LH:12
BRF:0
BRH:0
end_of_record
